{
  "RSpec": {
    "coverage": {
      "/Users/eastagile/Desktop/BookStore/spec/models/book_spec.rb": [
        1,
        null,
        1,
        1,
        7,
        null,
        null,
        1,
        2,
        2,
        2,
        2,
        2,
        2,
        2,
        null,
        null
      ],
      "/Users/eastagile/Desktop/BookStore/spec/models/user_spec.rb": [
        1,
        null,
        1,
        1,
        10,
        null,
        null,
        1,
        2,
        2,
        2,
        2,
        2,
        2,
        null,
        null,
        1,
        1,
        1,
        null,
        null,
        1,
        1,
        1,
        null,
        null,
        1,
        1,
        1,
        null,
        null,
        1,
        1,
        1,
        null,
        null
      ],
      "/Users/eastagile/Desktop/BookStore/spec/requests/registrations_spec.rb": [
        1,
        null,
        1,
        1,
        null,
        1,
        null,
        null,
        null,
        null,
        null
      ],
      "/Users/eastagile/Desktop/BookStore/spec/requests/static_pages_spec.rb": [
        1,
        null,
        1,
        null,
        1,
        1,
        1,
        1,
        null,
        null,
        null
      ]
    },
    "timestamp": 1380879459
  }
}
